2021-02-22 14:36:33,840 DEBUG    root            Loaded Command Group: ['gcloud', 'components']
2021-02-22 14:36:33,843 DEBUG    root            Loaded Command Group: ['gcloud', 'components', 'update']
2021-02-22 14:36:33,846 DEBUG    root            Running [gcloud.components.update] with arguments: [--allow-no-backup: "True", --quiet: "True", COMPONENT-IDS:7: "['core', 'gcloud-deps', 'bq', 'gcloud', 'gsutil', 'anthoscli', 'kuberun']"]
2021-02-22 14:36:33,853 INFO     ___FILE_ONLY___ Beginning update. This process may take several minutes.

2021-02-22 14:36:45,916 INFO     ___FILE_ONLY___ 

2021-02-22 14:36:45,916 INFO     ___FILE_ONLY___ 
Your current Cloud SDK version is: 328.0.0

2021-02-22 14:36:45,917 INFO     ___FILE_ONLY___ Installing components from version: 328.0.0

2021-02-22 14:36:45,917 INFO     ___FILE_ONLY___ 

2021-02-22 14:36:46,066 INFO     ___FILE_ONLY___ ┌─────────────────────────────────────────────────────────────────────────────┐
2021-02-22 14:36:46,066 INFO     ___FILE_ONLY___ 

2021-02-22 14:36:46,067 INFO     ___FILE_ONLY___ │                     These components will be installed.                     │
2021-02-22 14:36:46,067 INFO     ___FILE_ONLY___ 

2021-02-22 14:36:46,067 INFO     ___FILE_ONLY___ ├─────────────────────────────────────────────────────┬────────────┬──────────┤
2021-02-22 14:36:46,067 INFO     ___FILE_ONLY___ 

2021-02-22 14:36:46,067 INFO     ___FILE_ONLY___ │                         Name                        │  Version   │   Size   │
2021-02-22 14:36:46,067 INFO     ___FILE_ONLY___ 

2021-02-22 14:36:46,068 INFO     ___FILE_ONLY___ ├─────────────────────────────────────────────────────┼────────────┼──────────┤
2021-02-22 14:36:46,068 INFO     ___FILE_ONLY___ 

2021-02-22 14:36:46,068 INFO     ___FILE_ONLY___ │ 
2021-02-22 14:36:46,068 INFO     ___FILE_ONLY___ BigQuery Command Line Tool                         
2021-02-22 14:36:46,068 INFO     ___FILE_ONLY___  
2021-02-22 14:36:46,068 INFO     ___FILE_ONLY___ │ 
2021-02-22 14:36:46,068 INFO     ___FILE_ONLY___     2.0.65
2021-02-22 14:36:46,069 INFO     ___FILE_ONLY___  
2021-02-22 14:36:46,069 INFO     ___FILE_ONLY___ │ 
2021-02-22 14:36:46,069 INFO     ___FILE_ONLY___  < 1 MiB
2021-02-22 14:36:46,069 INFO     ___FILE_ONLY___  
2021-02-22 14:36:46,069 INFO     ___FILE_ONLY___ │
2021-02-22 14:36:46,069 INFO     ___FILE_ONLY___ 

2021-02-22 14:36:46,069 INFO     ___FILE_ONLY___ │ 
2021-02-22 14:36:46,070 INFO     ___FILE_ONLY___ BigQuery Command Line Tool (Platform Specific)     
2021-02-22 14:36:46,070 INFO     ___FILE_ONLY___  
2021-02-22 14:36:46,070 INFO     ___FILE_ONLY___ │ 
2021-02-22 14:36:46,070 INFO     ___FILE_ONLY___     2.0.64
2021-02-22 14:36:46,070 INFO     ___FILE_ONLY___  
2021-02-22 14:36:46,070 INFO     ___FILE_ONLY___ │ 
2021-02-22 14:36:46,070 INFO     ___FILE_ONLY___  < 1 MiB
2021-02-22 14:36:46,070 INFO     ___FILE_ONLY___  
2021-02-22 14:36:46,070 INFO     ___FILE_ONLY___ │
2021-02-22 14:36:46,070 INFO     ___FILE_ONLY___ 

2021-02-22 14:36:46,070 INFO     ___FILE_ONLY___ │ 
2021-02-22 14:36:46,070 INFO     ___FILE_ONLY___ Cloud SDK Core Libraries (Platform Specific)       
2021-02-22 14:36:46,071 INFO     ___FILE_ONLY___  
2021-02-22 14:36:46,071 INFO     ___FILE_ONLY___ │ 
2021-02-22 14:36:46,071 INFO     ___FILE_ONLY___ 2021.02.05
2021-02-22 14:36:46,071 INFO     ___FILE_ONLY___  
2021-02-22 14:36:46,071 INFO     ___FILE_ONLY___ │ 
2021-02-22 14:36:46,071 INFO     ___FILE_ONLY___  < 1 MiB
2021-02-22 14:36:46,071 INFO     ___FILE_ONLY___  
2021-02-22 14:36:46,071 INFO     ___FILE_ONLY___ │
2021-02-22 14:36:46,071 INFO     ___FILE_ONLY___ 

2021-02-22 14:36:46,071 INFO     ___FILE_ONLY___ │ 
2021-02-22 14:36:46,071 INFO     ___FILE_ONLY___ Cloud Storage Command Line Tool                    
2021-02-22 14:36:46,072 INFO     ___FILE_ONLY___  
2021-02-22 14:36:46,072 INFO     ___FILE_ONLY___ │ 
2021-02-22 14:36:46,072 INFO     ___FILE_ONLY___       4.59
2021-02-22 14:36:46,072 INFO     ___FILE_ONLY___  
2021-02-22 14:36:46,072 INFO     ___FILE_ONLY___ │ 
2021-02-22 14:36:46,072 INFO     ___FILE_ONLY___  3.9 MiB
2021-02-22 14:36:46,072 INFO     ___FILE_ONLY___  
2021-02-22 14:36:46,072 INFO     ___FILE_ONLY___ │
2021-02-22 14:36:46,072 INFO     ___FILE_ONLY___ 

2021-02-22 14:36:46,072 INFO     ___FILE_ONLY___ │ 
2021-02-22 14:36:46,072 INFO     ___FILE_ONLY___ Cloud Storage Command Line Tool (Platform Specific)
2021-02-22 14:36:46,072 INFO     ___FILE_ONLY___  
2021-02-22 14:36:46,072 INFO     ___FILE_ONLY___ │ 
2021-02-22 14:36:46,073 INFO     ___FILE_ONLY___       4.58
2021-02-22 14:36:46,073 INFO     ___FILE_ONLY___  
2021-02-22 14:36:46,073 INFO     ___FILE_ONLY___ │ 
2021-02-22 14:36:46,073 INFO     ___FILE_ONLY___  < 1 MiB
2021-02-22 14:36:46,073 INFO     ___FILE_ONLY___  
2021-02-22 14:36:46,073 INFO     ___FILE_ONLY___ │
2021-02-22 14:36:46,073 INFO     ___FILE_ONLY___ 

2021-02-22 14:36:46,073 INFO     ___FILE_ONLY___ │ 
2021-02-22 14:36:46,073 INFO     ___FILE_ONLY___ Kuberun                                            
2021-02-22 14:36:46,073 INFO     ___FILE_ONLY___  
2021-02-22 14:36:46,073 INFO     ___FILE_ONLY___ │ 
2021-02-22 14:36:46,073 INFO     ___FILE_ONLY___      0.0.9
2021-02-22 14:36:46,074 INFO     ___FILE_ONLY___  
2021-02-22 14:36:46,074 INFO     ___FILE_ONLY___ │ 
2021-02-22 14:36:46,074 INFO     ___FILE_ONLY___ 22.7 MiB
2021-02-22 14:36:46,074 INFO     ___FILE_ONLY___  
2021-02-22 14:36:46,074 INFO     ___FILE_ONLY___ │
2021-02-22 14:36:46,074 INFO     ___FILE_ONLY___ 

2021-02-22 14:36:46,074 INFO     ___FILE_ONLY___ │ 
2021-02-22 14:36:46,074 INFO     ___FILE_ONLY___ anthoscli                                          
2021-02-22 14:36:46,074 INFO     ___FILE_ONLY___  
2021-02-22 14:36:46,074 INFO     ___FILE_ONLY___ │ 
2021-02-22 14:36:46,074 INFO     ___FILE_ONLY___      0.2.7
2021-02-22 14:36:46,074 INFO     ___FILE_ONLY___  
2021-02-22 14:36:46,075 INFO     ___FILE_ONLY___ │ 
2021-02-22 14:36:46,075 INFO     ___FILE_ONLY___ 51.7 MiB
2021-02-22 14:36:46,075 INFO     ___FILE_ONLY___  
2021-02-22 14:36:46,075 INFO     ___FILE_ONLY___ │
2021-02-22 14:36:46,075 INFO     ___FILE_ONLY___ 

2021-02-22 14:36:46,075 INFO     ___FILE_ONLY___ │ 
2021-02-22 14:36:46,075 INFO     ___FILE_ONLY___ gcloud cli dependencies                            
2021-02-22 14:36:46,075 INFO     ___FILE_ONLY___  
2021-02-22 14:36:46,075 INFO     ___FILE_ONLY___ │ 
2021-02-22 14:36:46,075 INFO     ___FILE_ONLY___ 2020.06.12
2021-02-22 14:36:46,075 INFO     ___FILE_ONLY___  
2021-02-22 14:36:46,075 INFO     ___FILE_ONLY___ │ 
2021-02-22 14:36:46,076 INFO     ___FILE_ONLY___  < 1 MiB
2021-02-22 14:36:46,076 INFO     ___FILE_ONLY___  
2021-02-22 14:36:46,076 INFO     ___FILE_ONLY___ │
2021-02-22 14:36:46,076 INFO     ___FILE_ONLY___ 

2021-02-22 14:36:46,076 INFO     ___FILE_ONLY___ └─────────────────────────────────────────────────────┴────────────┴──────────┘
2021-02-22 14:36:46,076 INFO     ___FILE_ONLY___ 

2021-02-22 14:36:46,076 INFO     ___FILE_ONLY___ 

2021-02-22 14:36:46,112 INFO     ___FILE_ONLY___ For the latest full release notes, please visit:
  https://cloud.google.com/sdk/release_notes


2021-02-22 14:36:46,119 INFO     ___FILE_ONLY___ ╔════════════════════════════════════════════════════════════╗

2021-02-22 14:36:46,119 INFO     ___FILE_ONLY___ ╠═ Creating update staging area                             ═╣

2021-02-22 14:36:46,119 INFO     ___FILE_ONLY___ ╚
2021-02-22 14:36:46,119 INFO     ___FILE_ONLY___ ══════
2021-02-22 14:36:46,120 INFO     ___FILE_ONLY___ ══════
2021-02-22 14:36:46,120 INFO     ___FILE_ONLY___ ══════
2021-02-22 14:36:46,333 INFO     ___FILE_ONLY___ ═
2021-02-22 14:36:46,375 INFO     ___FILE_ONLY___ ═
2021-02-22 14:36:46,415 INFO     ___FILE_ONLY___ ═
2021-02-22 14:36:46,467 INFO     ___FILE_ONLY___ ═
2021-02-22 14:36:46,517 INFO     ___FILE_ONLY___ ═
2021-02-22 14:36:46,553 INFO     ___FILE_ONLY___ ═
2021-02-22 14:36:46,598 INFO     ___FILE_ONLY___ ═
2021-02-22 14:36:46,649 INFO     ___FILE_ONLY___ ═
2021-02-22 14:36:46,682 INFO     ___FILE_ONLY___ ═
2021-02-22 14:36:46,720 INFO     ___FILE_ONLY___ ═
2021-02-22 14:36:46,753 INFO     ___FILE_ONLY___ ═
2021-02-22 14:36:46,796 INFO     ___FILE_ONLY___ ═
2021-02-22 14:36:46,842 INFO     ___FILE_ONLY___ ═
2021-02-22 14:36:46,876 INFO     ___FILE_ONLY___ ═
2021-02-22 14:36:46,986 INFO     ___FILE_ONLY___ ═
2021-02-22 14:36:47,163 INFO     ___FILE_ONLY___ ═
2021-02-22 14:36:47,202 INFO     ___FILE_ONLY___ ═
2021-02-22 14:36:47,230 INFO     ___FILE_ONLY___ ═
2021-02-22 14:36:47,251 INFO     ___FILE_ONLY___ ═
2021-02-22 14:36:47,274 INFO     ___FILE_ONLY___ ═
2021-02-22 14:36:47,294 INFO     ___FILE_ONLY___ ═
2021-02-22 14:36:47,319 INFO     ___FILE_ONLY___ ═
2021-02-22 14:36:47,338 INFO     ___FILE_ONLY___ ═
2021-02-22 14:36:47,359 INFO     ___FILE_ONLY___ ═
2021-02-22 14:36:47,391 INFO     ___FILE_ONLY___ ═
2021-02-22 14:36:47,447 INFO     ___FILE_ONLY___ ═
2021-02-22 14:36:47,503 INFO     ___FILE_ONLY___ ═
2021-02-22 14:36:47,541 INFO     ___FILE_ONLY___ ═
2021-02-22 14:36:47,576 INFO     ___FILE_ONLY___ ═
2021-02-22 14:36:47,620 INFO     ___FILE_ONLY___ ═
2021-02-22 14:36:47,689 INFO     ___FILE_ONLY___ ═
2021-02-22 14:36:47,775 INFO     ___FILE_ONLY___ ═
2021-02-22 14:36:48,037 INFO     ___FILE_ONLY___ ═
2021-02-22 14:36:48,277 INFO     ___FILE_ONLY___ ═
2021-02-22 14:36:48,476 INFO     ___FILE_ONLY___ ═
2021-02-22 14:36:48,686 INFO     ___FILE_ONLY___ ═
2021-02-22 14:36:48,902 INFO     ___FILE_ONLY___ ═
2021-02-22 14:36:49,051 INFO     ___FILE_ONLY___ ═
2021-02-22 14:36:49,212 INFO     ___FILE_ONLY___ ═
2021-02-22 14:36:49,325 INFO     ___FILE_ONLY___ ═
2021-02-22 14:36:49,487 INFO     ___FILE_ONLY___ ═
2021-02-22 14:36:49,678 INFO     ___FILE_ONLY___ ═
2021-02-22 14:36:49,678 INFO     ___FILE_ONLY___ ╝

2021-02-22 14:36:50,036 INFO     ___FILE_ONLY___ ╔════════════════════════════════════════════════════════════╗

2021-02-22 14:36:50,037 INFO     ___FILE_ONLY___ ╠═ Installing: BigQuery Command Line Tool                   ═╣

2021-02-22 14:36:50,038 INFO     ___FILE_ONLY___ ╚
2021-02-22 14:36:50,088 INFO     ___FILE_ONLY___ ═
2021-02-22 14:36:50,090 INFO     ___FILE_ONLY___ ═
2021-02-22 14:36:50,092 INFO     ___FILE_ONLY___ ═
2021-02-22 14:36:50,094 INFO     ___FILE_ONLY___ ═
2021-02-22 14:36:50,095 INFO     ___FILE_ONLY___ ═
2021-02-22 14:36:50,098 INFO     ___FILE_ONLY___ ═
2021-02-22 14:36:50,100 INFO     ___FILE_ONLY___ ═
2021-02-22 14:36:50,101 INFO     ___FILE_ONLY___ ═
2021-02-22 14:36:50,103 INFO     ___FILE_ONLY___ ═
2021-02-22 14:36:50,106 INFO     ___FILE_ONLY___ ═
2021-02-22 14:36:50,108 INFO     ___FILE_ONLY___ ═
2021-02-22 14:36:50,110 INFO     ___FILE_ONLY___ ═
2021-02-22 14:36:50,112 INFO     ___FILE_ONLY___ ═
2021-02-22 14:36:50,114 INFO     ___FILE_ONLY___ ═
2021-02-22 14:36:50,116 INFO     ___FILE_ONLY___ ═
2021-02-22 14:36:50,117 INFO     ___FILE_ONLY___ ═
2021-02-22 14:36:50,119 INFO     ___FILE_ONLY___ ═
2021-02-22 14:36:50,121 INFO     ___FILE_ONLY___ ═
2021-02-22 14:36:50,122 INFO     ___FILE_ONLY___ ═
2021-02-22 14:36:50,124 INFO     ___FILE_ONLY___ ═
2021-02-22 14:36:50,126 INFO     ___FILE_ONLY___ ═
2021-02-22 14:36:50,127 INFO     ___FILE_ONLY___ ═
2021-02-22 14:36:50,129 INFO     ___FILE_ONLY___ ═
2021-02-22 14:36:50,131 INFO     ___FILE_ONLY___ ═
2021-02-22 14:36:50,133 INFO     ___FILE_ONLY___ ═
2021-02-22 14:36:50,134 INFO     ___FILE_ONLY___ ═
2021-02-22 14:36:50,136 INFO     ___FILE_ONLY___ ═
2021-02-22 14:36:50,137 INFO     ___FILE_ONLY___ ═
2021-02-22 14:36:50,139 INFO     ___FILE_ONLY___ ═
2021-02-22 14:36:50,143 INFO     ___FILE_ONLY___ ═
2021-02-22 14:36:50,318 INFO     ___FILE_ONLY___ ═
2021-02-22 14:36:50,345 INFO     ___FILE_ONLY___ ═
2021-02-22 14:36:50,355 INFO     ___FILE_ONLY___ ═
2021-02-22 14:36:50,366 INFO     ___FILE_ONLY___ ═
2021-02-22 14:36:50,376 INFO     ___FILE_ONLY___ ═
2021-02-22 14:36:50,385 INFO     ___FILE_ONLY___ ═
2021-02-22 14:36:50,393 INFO     ___FILE_ONLY___ ═
2021-02-22 14:36:50,400 INFO     ___FILE_ONLY___ ═
2021-02-22 14:36:50,409 INFO     ___FILE_ONLY___ ═
2021-02-22 14:36:50,420 INFO     ___FILE_ONLY___ ═
2021-02-22 14:36:50,440 INFO     ___FILE_ONLY___ ═
2021-02-22 14:36:50,447 INFO     ___FILE_ONLY___ ═
2021-02-22 14:36:50,460 INFO     ___FILE_ONLY___ ═
2021-02-22 14:36:50,466 INFO     ___FILE_ONLY___ ═
2021-02-22 14:36:50,470 INFO     ___FILE_ONLY___ ═
2021-02-22 14:36:50,475 INFO     ___FILE_ONLY___ ═
2021-02-22 14:36:50,485 INFO     ___FILE_ONLY___ ═
2021-02-22 14:36:50,495 INFO     ___FILE_ONLY___ ═
2021-02-22 14:36:50,502 INFO     ___FILE_ONLY___ ═
2021-02-22 14:36:50,512 INFO     ___FILE_ONLY___ ═
2021-02-22 14:36:50,520 INFO     ___FILE_ONLY___ ═
2021-02-22 14:36:50,526 INFO     ___FILE_ONLY___ ═
2021-02-22 14:36:50,534 INFO     ___FILE_ONLY___ ═
2021-02-22 14:36:50,541 INFO     ___FILE_ONLY___ ═
2021-02-22 14:36:50,550 INFO     ___FILE_ONLY___ ═
2021-02-22 14:36:50,558 INFO     ___FILE_ONLY___ ═
2021-02-22 14:36:50,566 INFO     ___FILE_ONLY___ ═
2021-02-22 14:36:50,575 INFO     ___FILE_ONLY___ ═
2021-02-22 14:36:50,583 INFO     ___FILE_ONLY___ ═
2021-02-22 14:36:50,592 INFO     ___FILE_ONLY___ ═
2021-02-22 14:36:50,593 INFO     ___FILE_ONLY___ ╝

2021-02-22 14:36:50,640 INFO     ___FILE_ONLY___ ╔════════════════════════════════════════════════════════════╗

2021-02-22 14:36:50,641 INFO     ___FILE_ONLY___ ╠═ Installing: BigQuery Command Line Tool (Platform Spec... ═╣

2021-02-22 14:36:50,641 INFO     ___FILE_ONLY___ ╚
2021-02-22 14:36:50,695 INFO     ___FILE_ONLY___ ══════════════════════════════
2021-02-22 14:36:50,698 INFO     ___FILE_ONLY___ ══════════════════════════════
2021-02-22 14:36:50,699 INFO     ___FILE_ONLY___ ╝

2021-02-22 14:36:50,730 INFO     ___FILE_ONLY___ ╔════════════════════════════════════════════════════════════╗

2021-02-22 14:36:50,732 INFO     ___FILE_ONLY___ ╠═ Installing: Cloud SDK Core Libraries (Platform Specific) ═╣

2021-02-22 14:36:50,732 INFO     ___FILE_ONLY___ ╚
2021-02-22 14:36:50,786 INFO     ___FILE_ONLY___ ══════════════════════════════
2021-02-22 14:36:50,790 INFO     ___FILE_ONLY___ ═══════════════
2021-02-22 14:36:50,791 INFO     ___FILE_ONLY___ ═══════════════
2021-02-22 14:36:50,791 INFO     ___FILE_ONLY___ ╝

2021-02-22 14:36:50,822 INFO     ___FILE_ONLY___ ╔════════════════════════════════════════════════════════════╗

2021-02-22 14:36:50,826 INFO     ___FILE_ONLY___ ╠═ Installing: Cloud Storage Command Line Tool              ═╣

2021-02-22 14:36:50,826 INFO     ___FILE_ONLY___ ╚
2021-02-22 14:36:50,892 INFO     ___FILE_ONLY___ ═
2021-02-22 14:36:50,898 INFO     ___FILE_ONLY___ ═
2021-02-22 14:36:50,904 INFO     ___FILE_ONLY___ ═
2021-02-22 14:36:50,914 INFO     ___FILE_ONLY___ ═
2021-02-22 14:36:50,917 INFO     ___FILE_ONLY___ ═
2021-02-22 14:36:50,923 INFO     ___FILE_ONLY___ ═
2021-02-22 14:36:50,930 INFO     ___FILE_ONLY___ ═
2021-02-22 14:36:50,936 INFO     ___FILE_ONLY___ ═
2021-02-22 14:36:50,944 INFO     ___FILE_ONLY___ ═
2021-02-22 14:36:50,951 INFO     ___FILE_ONLY___ ═
2021-02-22 14:36:50,958 INFO     ___FILE_ONLY___ ═
2021-02-22 14:36:50,964 INFO     ___FILE_ONLY___ ═
2021-02-22 14:36:50,970 INFO     ___FILE_ONLY___ ═
2021-02-22 14:36:50,977 INFO     ___FILE_ONLY___ ═
2021-02-22 14:36:50,983 INFO     ___FILE_ONLY___ ═
2021-02-22 14:36:50,987 INFO     ___FILE_ONLY___ ═
2021-02-22 14:36:50,990 INFO     ___FILE_ONLY___ ═
2021-02-22 14:36:50,993 INFO     ___FILE_ONLY___ ═
2021-02-22 14:36:50,996 INFO     ___FILE_ONLY___ ═
2021-02-22 14:36:50,998 INFO     ___FILE_ONLY___ ═
2021-02-22 14:36:51,000 INFO     ___FILE_ONLY___ ═
2021-02-22 14:36:51,003 INFO     ___FILE_ONLY___ ═
2021-02-22 14:36:51,006 INFO     ___FILE_ONLY___ ═
2021-02-22 14:36:51,008 INFO     ___FILE_ONLY___ ═
2021-02-22 14:36:51,011 INFO     ___FILE_ONLY___ ═
2021-02-22 14:36:51,014 INFO     ___FILE_ONLY___ ═
2021-02-22 14:36:51,016 INFO     ___FILE_ONLY___ ═
2021-02-22 14:36:51,019 INFO     ___FILE_ONLY___ ═
2021-02-22 14:36:51,021 INFO     ___FILE_ONLY___ ═
2021-02-22 14:36:51,026 INFO     ___FILE_ONLY___ ═
2021-02-22 14:36:52,004 INFO     ___FILE_ONLY___ ═
2021-02-22 14:36:52,055 INFO     ___FILE_ONLY___ ═
2021-02-22 14:36:52,120 INFO     ___FILE_ONLY___ ═
2021-02-22 14:36:52,172 INFO     ___FILE_ONLY___ ═
2021-02-22 14:36:52,216 INFO     ___FILE_ONLY___ ═
2021-02-22 14:36:52,266 INFO     ___FILE_ONLY___ ═
2021-02-22 14:36:52,315 INFO     ___FILE_ONLY___ ═
2021-02-22 14:36:52,379 INFO     ___FILE_ONLY___ ═
2021-02-22 14:36:52,438 INFO     ___FILE_ONLY___ ═
2021-02-22 14:36:52,466 INFO     ___FILE_ONLY___ ═
2021-02-22 14:36:52,513 INFO     ___FILE_ONLY___ ═
2021-02-22 14:36:52,567 INFO     ___FILE_ONLY___ ═
2021-02-22 14:36:52,648 INFO     ___FILE_ONLY___ ═
2021-02-22 14:36:52,717 INFO     ___FILE_ONLY___ ═
2021-02-22 14:36:52,771 INFO     ___FILE_ONLY___ ═
2021-02-22 14:36:52,817 INFO     ___FILE_ONLY___ ═
2021-02-22 14:36:52,885 INFO     ___FILE_ONLY___ ═
2021-02-22 14:36:52,941 INFO     ___FILE_ONLY___ ═
2021-02-22 14:36:53,007 INFO     ___FILE_ONLY___ ═
2021-02-22 14:36:53,064 INFO     ___FILE_ONLY___ ═
2021-02-22 14:36:53,124 INFO     ___FILE_ONLY___ ═
2021-02-22 14:36:53,180 INFO     ___FILE_ONLY___ ═
2021-02-22 14:36:53,227 INFO     ___FILE_ONLY___ ═
2021-02-22 14:36:53,272 INFO     ___FILE_ONLY___ ═
2021-02-22 14:36:53,320 INFO     ___FILE_ONLY___ ═
2021-02-22 14:36:53,370 INFO     ___FILE_ONLY___ ═
2021-02-22 14:36:53,425 INFO     ___FILE_ONLY___ ═
2021-02-22 14:36:53,479 INFO     ___FILE_ONLY___ ═
2021-02-22 14:36:53,559 INFO     ___FILE_ONLY___ ═
2021-02-22 14:36:53,631 INFO     ___FILE_ONLY___ ═
2021-02-22 14:36:53,632 INFO     ___FILE_ONLY___ ╝

2021-02-22 14:36:53,834 INFO     ___FILE_ONLY___ ╔════════════════════════════════════════════════════════════╗

2021-02-22 14:36:53,835 INFO     ___FILE_ONLY___ ╠═ Installing: Cloud Storage Command Line Tool (Platform... ═╣

2021-02-22 14:36:53,836 INFO     ___FILE_ONLY___ ╚
2021-02-22 14:36:53,888 INFO     ___FILE_ONLY___ ══════════════════════════════
2021-02-22 14:36:53,891 INFO     ___FILE_ONLY___ ══════════════════════════════
2021-02-22 14:36:53,892 INFO     ___FILE_ONLY___ ╝

2021-02-22 14:36:53,921 INFO     ___FILE_ONLY___ ╔════════════════════════════════════════════════════════════╗

2021-02-22 14:36:53,923 INFO     ___FILE_ONLY___ ╠═ Installing: Default set of gcloud commands               ═╣

2021-02-22 14:36:53,923 INFO     ___FILE_ONLY___ ╚
2021-02-22 14:36:53,939 INFO     ___FILE_ONLY___ ════════════════════════════════════════════════════════════
2021-02-22 14:36:53,940 INFO     ___FILE_ONLY___ ╝

2021-02-22 14:36:53,955 INFO     ___FILE_ONLY___ ╔════════════════════════════════════════════════════════════╗

2021-02-22 14:36:53,956 INFO     ___FILE_ONLY___ ╠═ Installing: Kuberun                                      ═╣

2021-02-22 14:36:53,956 INFO     ___FILE_ONLY___ ╚
2021-02-22 14:36:53,972 INFO     ___FILE_ONLY___ ════════════════════════════════════════════════════════════
2021-02-22 14:36:53,972 INFO     ___FILE_ONLY___ ╝

2021-02-22 14:36:53,986 INFO     ___FILE_ONLY___ ╔════════════════════════════════════════════════════════════╗

2021-02-22 14:36:53,988 INFO     ___FILE_ONLY___ ╠═ Installing: Kuberun                                      ═╣

2021-02-22 14:36:53,989 INFO     ___FILE_ONLY___ ╚
2021-02-22 14:36:54,075 INFO     ___FILE_ONLY___ ═
2021-02-22 14:36:54,113 INFO     ___FILE_ONLY___ ═
2021-02-22 14:36:54,143 INFO     ___FILE_ONLY___ ═
2021-02-22 14:36:54,158 INFO     ___FILE_ONLY___ ═
2021-02-22 14:36:54,173 INFO     ___FILE_ONLY___ ═
2021-02-22 14:36:54,188 INFO     ___FILE_ONLY___ ═
2021-02-22 14:36:54,202 INFO     ___FILE_ONLY___ ═
2021-02-22 14:36:54,217 INFO     ___FILE_ONLY___ ═
2021-02-22 14:36:54,232 INFO     ___FILE_ONLY___ ═
2021-02-22 14:36:54,247 INFO     ___FILE_ONLY___ ═
2021-02-22 14:36:54,262 INFO     ___FILE_ONLY___ ═
2021-02-22 14:36:54,276 INFO     ___FILE_ONLY___ ═
2021-02-22 14:36:54,291 INFO     ___FILE_ONLY___ ═
2021-02-22 14:36:54,305 INFO     ___FILE_ONLY___ ═
2021-02-22 14:36:54,320 INFO     ___FILE_ONLY___ ═
2021-02-22 14:36:54,335 INFO     ___FILE_ONLY___ ═
2021-02-22 14:36:54,350 INFO     ___FILE_ONLY___ ═
2021-02-22 14:36:54,365 INFO     ___FILE_ONLY___ ═
2021-02-22 14:36:54,379 INFO     ___FILE_ONLY___ ═
2021-02-22 14:36:54,394 INFO     ___FILE_ONLY___ ═
2021-02-22 14:36:54,409 INFO     ___FILE_ONLY___ ═
2021-02-22 14:36:54,424 INFO     ___FILE_ONLY___ ═
2021-02-22 14:36:54,438 INFO     ___FILE_ONLY___ ═
2021-02-22 14:36:54,453 INFO     ___FILE_ONLY___ ═
2021-02-22 14:36:54,467 INFO     ___FILE_ONLY___ ═
2021-02-22 14:36:54,482 INFO     ___FILE_ONLY___ ═
2021-02-22 14:36:54,498 INFO     ___FILE_ONLY___ ═
2021-02-22 14:36:54,512 INFO     ___FILE_ONLY___ ═
2021-02-22 14:36:54,527 INFO     ___FILE_ONLY___ ═
2021-02-22 14:36:54,544 INFO     ___FILE_ONLY___ ═
2021-02-22 14:36:57,204 INFO     ___FILE_ONLY___ ═
2021-02-22 14:36:57,205 INFO     ___FILE_ONLY___ ═
2021-02-22 14:36:57,206 INFO     ___FILE_ONLY___ ═
2021-02-22 14:36:57,207 INFO     ___FILE_ONLY___ ═
2021-02-22 14:36:57,208 INFO     ___FILE_ONLY___ ═
2021-02-22 14:36:57,209 INFO     ___FILE_ONLY___ ═
2021-02-22 14:36:57,209 INFO     ___FILE_ONLY___ ══
2021-02-22 14:36:57,210 INFO     ___FILE_ONLY___ ═
2021-02-22 14:36:57,211 INFO     ___FILE_ONLY___ ═
2021-02-22 14:36:57,212 INFO     ___FILE_ONLY___ ═
2021-02-22 14:36:57,213 INFO     ___FILE_ONLY___ ═
2021-02-22 14:36:57,213 INFO     ___FILE_ONLY___ ═
2021-02-22 14:36:57,214 INFO     ___FILE_ONLY___ ══
2021-02-22 14:36:57,214 INFO     ___FILE_ONLY___ ═
2021-02-22 14:36:57,215 INFO     ___FILE_ONLY___ ═
2021-02-22 14:36:57,216 INFO     ___FILE_ONLY___ ═
2021-02-22 14:36:57,217 INFO     ___FILE_ONLY___ ═
2021-02-22 14:36:57,217 INFO     ___FILE_ONLY___ ═
2021-02-22 14:36:57,218 INFO     ___FILE_ONLY___ ═
2021-02-22 14:36:57,218 INFO     ___FILE_ONLY___ ══
2021-02-22 14:36:57,219 INFO     ___FILE_ONLY___ ═
2021-02-22 14:36:57,219 INFO     ___FILE_ONLY___ ═
2021-02-22 14:36:57,220 INFO     ___FILE_ONLY___ ═
2021-02-22 14:36:57,220 INFO     ___FILE_ONLY___ ═
2021-02-22 14:36:57,220 INFO     ___FILE_ONLY___ ═
2021-02-22 14:36:57,224 INFO     ___FILE_ONLY___ ══
2021-02-22 14:36:57,224 INFO     ___FILE_ONLY___ ╝

2021-02-22 14:36:57,264 INFO     ___FILE_ONLY___ ╔════════════════════════════════════════════════════════════╗

2021-02-22 14:36:57,265 INFO     ___FILE_ONLY___ ╠═ Installing: anthoscli                                    ═╣

2021-02-22 14:36:57,266 INFO     ___FILE_ONLY___ ╚
2021-02-22 14:36:57,394 INFO     ___FILE_ONLY___ ═
2021-02-22 14:36:57,432 INFO     ___FILE_ONLY___ ═
2021-02-22 14:36:57,464 INFO     ___FILE_ONLY___ ═
2021-02-22 14:36:57,493 INFO     ___FILE_ONLY___ ═
2021-02-22 14:36:57,525 INFO     ___FILE_ONLY___ ═
2021-02-22 14:36:57,555 INFO     ___FILE_ONLY___ ═
2021-02-22 14:36:57,586 INFO     ___FILE_ONLY___ ═
2021-02-22 14:36:57,619 INFO     ___FILE_ONLY___ ═
2021-02-22 14:36:57,651 INFO     ___FILE_ONLY___ ═
2021-02-22 14:36:57,684 INFO     ___FILE_ONLY___ ═
2021-02-22 14:36:57,717 INFO     ___FILE_ONLY___ ═
2021-02-22 14:36:57,751 INFO     ___FILE_ONLY___ ═
2021-02-22 14:36:57,783 INFO     ___FILE_ONLY___ ═
2021-02-22 14:36:57,813 INFO     ___FILE_ONLY___ ═
2021-02-22 14:36:57,846 INFO     ___FILE_ONLY___ ═
2021-02-22 14:36:57,876 INFO     ___FILE_ONLY___ ═
2021-02-22 14:36:57,902 INFO     ___FILE_ONLY___ ═
2021-02-22 14:36:57,931 INFO     ___FILE_ONLY___ ═
2021-02-22 14:36:57,964 INFO     ___FILE_ONLY___ ═
2021-02-22 14:36:57,995 INFO     ___FILE_ONLY___ ═
2021-02-22 14:36:58,029 INFO     ___FILE_ONLY___ ═
2021-02-22 14:36:58,062 INFO     ___FILE_ONLY___ ═
2021-02-22 14:36:58,094 INFO     ___FILE_ONLY___ ═
2021-02-22 14:36:58,126 INFO     ___FILE_ONLY___ ═
2021-02-22 14:36:58,156 INFO     ___FILE_ONLY___ ═
2021-02-22 14:36:58,187 INFO     ___FILE_ONLY___ ═
2021-02-22 14:36:58,219 INFO     ___FILE_ONLY___ ═
2021-02-22 14:36:58,252 INFO     ___FILE_ONLY___ ═
2021-02-22 14:36:58,284 INFO     ___FILE_ONLY___ ═
2021-02-22 14:36:58,311 INFO     ___FILE_ONLY___ ═
2021-02-22 14:37:03,462 INFO     ___FILE_ONLY___ ══════════
2021-02-22 14:37:03,476 INFO     ___FILE_ONLY___ ═════════
2021-02-22 14:37:03,535 INFO     ___FILE_ONLY___ ═══════════
2021-02-22 14:37:03,535 INFO     ___FILE_ONLY___ ╝

2021-02-22 14:37:03,573 INFO     ___FILE_ONLY___ ╔════════════════════════════════════════════════════════════╗

2021-02-22 14:37:03,573 INFO     ___FILE_ONLY___ ╠═ Installing: anthoscli                                    ═╣

2021-02-22 14:37:03,573 INFO     ___FILE_ONLY___ ╚
2021-02-22 14:37:03,581 INFO     ___FILE_ONLY___ ════════════════════════════════════════════════════════════
2021-02-22 14:37:03,582 INFO     ___FILE_ONLY___ ╝

2021-02-22 14:37:03,590 INFO     ___FILE_ONLY___ ╔════════════════════════════════════════════════════════════╗

2021-02-22 14:37:03,590 INFO     ___FILE_ONLY___ ╠═ Installing: gcloud cli dependencies                      ═╣

2021-02-22 14:37:03,590 INFO     ___FILE_ONLY___ ╚
2021-02-22 14:37:03,638 INFO     ___FILE_ONLY___ ══════════════════════════════
2021-02-22 14:37:03,642 INFO     ___FILE_ONLY___ ══════
2021-02-22 14:37:03,643 INFO     ___FILE_ONLY___ ══════
2021-02-22 14:37:03,643 INFO     ___FILE_ONLY___ ══════
2021-02-22 14:37:03,644 INFO     ___FILE_ONLY___ ══════
2021-02-22 14:37:03,645 INFO     ___FILE_ONLY___ ══════
2021-02-22 14:37:03,645 INFO     ___FILE_ONLY___ ╝

2021-02-22 14:37:03,676 INFO     ___FILE_ONLY___ ╔════════════════════════════════════════════════════════════╗

2021-02-22 14:37:03,678 INFO     ___FILE_ONLY___ ╠═ Creating backup and activating new installation          ═╣

2021-02-22 14:37:03,678 INFO     ___FILE_ONLY___ ╚
2021-02-22 14:37:03,679 DEBUG    root            Attempting to move directory [/tools/google-cloud-sdk] to [/tools/google-cloud-sdk.staging/.install/.backup]
2021-02-22 14:37:03,679 INFO     ___FILE_ONLY___ ══════════════════════════════
2021-02-22 14:37:03,680 DEBUG    root            Attempting to move directory [/tools/google-cloud-sdk.staging] to [/tools/google-cloud-sdk]
2021-02-22 14:37:03,680 INFO     ___FILE_ONLY___ ══════════════════════════════
2021-02-22 14:37:03,680 INFO     ___FILE_ONLY___ ╝

2021-02-22 14:37:03,696 DEBUG    root            Updating notification cache...
2021-02-22 14:37:03,697 INFO     ___FILE_ONLY___ 

2021-02-22 14:37:03,712 INFO     ___FILE_ONLY___ Performing post processing steps...
2021-02-22 14:37:03,714 DEBUG    root            Executing command: ['python3', '-S', '/tools/google-cloud-sdk/lib/gcloud.py', 'components', 'post-process']
2021-02-22 14:37:27,273 DEBUG    ___FILE_ONLY___ 
2021-02-22 14:37:27,274 DEBUG    ___FILE_ONLY___ 
2021-02-22 14:37:27,507 INFO     ___FILE_ONLY___ 
Update done!


2021-02-22 14:37:27,512 INFO     root            Display format: "none"
